Server logging started @ 27/12/21 2:15 AM
27/12/21 2:15 AM -- Database implementation name: SQL
27/12/21 2:15 AM -- Database classname: com.blunk.storage.sql.SQLDatabase
27/12/21 2:15 AM -- Database RMI url: internal
27/12/21 2:15 AM -- SQLDatabaseConnectionManager created new Connection, active connection amount: 1
27/12/21 2:15 AM -- SQLDatabaseConnectionManager successfully created a test connection!
27/12/21 2:15 AM -- SQLDatabaseConnectionManager connection pool cleanup monitor started.
27/12/21 2:15 AM -- Successfully instantiated and prepared Database implementation SQLDatabase.
27/12/21 2:15 AM -- Initialized Blunk environment.
27/12/21 2:15 AM -- Initializing com.suelake.habbo.HabboHotel...
27/12/21 2:15 AM -- Locating .properties file for Habbo Hotel...
27/12/21 2:15 AM -- Initialized properties for Habbo Hotel, 55 properties loaded.
27/12/21 2:15 AM -- Registering DataObject classes...
27/12/21 2:15 AM -- Registered DataObject com.suelake.habbo.users.User [SQLDataObject com.suelake.habbo.users.sql.SQLUser]
27/12/21 2:15 AM -- Registered DataObject com.suelake.habbo.access.UserAccessEntry [SQLDataObject com.suelake.habbo.access.sql.SQLUserAccessEntry]
27/12/21 2:15 AM -- Registered DataObject com.suelake.habbo.moderation.ModerationBan [SQLDataObject com.suelake.habbo.moderation.sql.SQLModerationBan]
27/12/21 2:15 AM -- Registered DataObject com.suelake.habbo.spaces.Space [SQLDataObject com.suelake.habbo.spaces.sql.SQLSpace]
27/12/21 2:15 AM -- Registered DataObject com.suelake.habbo.messenger.MessengerBuddyLink [SQLDataObject com.suelake.habbo.messenger.sql.SQLMessengerBuddyLink]
27/12/21 2:15 AM -- Registered DataObject com.suelake.habbo.messenger.MessengerMessage [SQLDataObject com.suelake.habbo.messenger.sql.SQLMessengerMessage]
27/12/21 2:15 AM -- Registered DataObject com.suelake.habbo.items.Item [SQLDataObject com.suelake.habbo.items.sql.SQLItem]
27/12/21 2:15 AM -- Registered DataObject com.suelake.habbo.photos.Photo [SQLDataObject com.suelake.habbo.photos.sql.SQLPhoto]
27/12/21 2:15 AM -- Registered DataObject com.suelake.habbo.economy.Company [SQLDataObject com.suelake.habbo.economy.sql.SQLCompany]
27/12/21 2:15 AM -- Registered DataObject com.suelake.habbo.economy.Stock [SQLDataObject com.suelake.habbo.economy.sql.SQLStock]
27/12/21 2:15 AM -- Registered 10 DataObject classes.
27/12/21 2:15 AM -- Registering DataQuery classes...
27/12/21 2:15 AM -- Registered DataQuery com.suelake.habbo.access.UserRightLoader [SQLDataObject com.suelake.habbo.access.sql.SQLUserRightLoader]
27/12/21 2:15 AM -- Registered DataQuery com.suelake.habbo.access.UserRegistrationFinder [SQLDataObject com.suelake.habbo.access.sql.SQLUserRegistrationFinder]
27/12/21 2:15 AM -- Registered DataQuery com.suelake.habbo.spaces.PublicSpaceFinder [SQLDataObject com.suelake.habbo.spaces.sql.SQLPublicSpaceFinder]
27/12/21 2:15 AM -- Registered DataQuery com.suelake.habbo.spaces.UserFlatFinder [SQLDataObject com.suelake.habbo.spaces.sql.SQLUserFlatFinder]
27/12/21 2:15 AM -- Registered DataQuery com.suelake.habbo.spaces.FavoriteFlatListHelper [SQLDataObject com.suelake.habbo.spaces.sql.SQLFavoriteFlatListHelper]
27/12/21 2:15 AM -- Registered DataQuery com.suelake.habbo.spaces.UserFlatControllerHelper [SQLDataObject com.suelake.habbo.spaces.sql.SQLUserFlatControllerHelper]
27/12/21 2:15 AM -- Registered DataQuery com.suelake.habbo.spaces.SpaceModelLoader [SQLDataObject com.suelake.habbo.spaces.sql.SQLSpaceModelLoader]
27/12/21 2:15 AM -- Registered DataQuery com.suelake.habbo.spaces.SpaceModelObjectsLoader [SQLDataObject com.suelake.habbo.spaces.sql.SQLSpaceModelObjectsLoader]
27/12/21 2:15 AM -- Registered DataQuery com.suelake.habbo.spaces.SpaceContentDeleteHelper [SQLDataObject com.suelake.habbo.spaces.sql.SQLSpaceContentDeleteHelper]
27/12/21 2:15 AM -- Registered DataQuery com.suelake.habbo.spaces.SpaceBotLoader [SQLDataObject com.suelake.habbo.spaces.sql.SQLSpaceBotLoader]
27/12/21 2:15 AM -- Registered DataQuery com.suelake.habbo.messenger.MessengerBuddyGrabber [SQLDataObject com.suelake.habbo.messenger.sql.SQLMessengerBuddyGrabber]
27/12/21 2:15 AM -- Registered DataQuery com.suelake.habbo.messenger.MessengerBuddyRequestGrabber [SQLDataObject com.suelake.habbo.messenger.sql.SQLMessengerBuddyRequestGrabber]
27/12/21 2:15 AM -- Registered DataQuery com.suelake.habbo.messenger.MessengerMessageGrabber [SQLDataObject com.suelake.habbo.messenger.sql.SQLMessengerMessageGrabber]
27/12/21 2:15 AM -- Registered DataQuery com.suelake.habbo.items.ItemDefinitionLoader [SQLDataObject com.suelake.habbo.items.sql.SQLItemDefinitionLoader]
27/12/21 2:15 AM -- Registered DataQuery com.suelake.habbo.items.ItemLoader [SQLDataObject com.suelake.habbo.items.sql.SQLItemLoader]
27/12/21 2:15 AM -- Registered DataQuery com.suelake.habbo.catalogue.CataloguePageLoader [SQLDataObject com.suelake.habbo.catalogue.sql.SQLCataloguePageLoader]
27/12/21 2:15 AM -- Registered DataQuery com.suelake.habbo.catalogue.CatalogueArticleLoader [SQLDataObject com.suelake.habbo.catalogue.sql.SQLCatalogueArticleLoader]
27/12/21 2:15 AM -- Registered DataQuery com.suelake.habbo.economy.StockFinder [SQLDataObject com.suelake.habbo.economy.sql.SQLStockFinder]
27/12/21 2:15 AM -- Registered 18 DataQuery classes.
27/12/21 2:15 AM -- SQLDatabaseConnectionManager created new Connection, active connection amount: 1
27/12/21 2:15 AM -- Loading item definitions...
27/12/21 2:15 AM -- Loaded 967 item definitions.
27/12/21 2:15 AM -- Loading space models...
27/12/21 2:15 AM -- Loaded 66 space models.
27/12/21 2:15 AM -- Initialized Catalogue, 19 pages, 321 articles.
27/12/21 2:15 AM -- Initialized com.suelake.habbo.HabboHotel.
